asimpleCacheDemo/build/intermediates/manifest_merge_blame_file/release/manifest-merger-blame-release-report.txt
1<?xml version="1.0" encoding="utf-8"?>
2<manifest xmlns:android="http://schemas.android.com/apk/res/android"
3    package="com.yangfuhai.asimplecachedemo"
4    android:versionCode="1"
5    android:versionName="1.0" > <!-- </application> -->
6    <!-- android:allowBackup="true" -->
7    <!-- android:icon="@drawable/ic_launcher" -->
8    <!-- android:label="@string/app_name" -->
9    <!-- android:theme="@style/AppTheme" > -->
10    <!-- <activity -->
11    <!-- android:name="com.yangfuhai.asimplecachedemo.MainActivity" -->
12    <!-- android:label="@string/app_name" > -->
13    <!-- <intent-filter> -->
14    <!-- <action android:name="android.intent.action.MAIN" /> -->
15    <!-- <category android:name="android.intent.category.LAUNCHER" /> -->
16    <!-- </intent-filter> -->
17    <!-- </activity> -->
18    <!-- <activity android:name="com.yangfuhai.asimplecachedemo.AboutActivity" /> -->
19    <!-- <activity android:name="com.yangfuhai.asimplecachedemo.SaveBitmapActivity" /> -->
20    <!-- <activity android:name="com.yangfuhai.asimplecachedemo.SaveJsonObjectActivity" /> -->
21    <!-- <activity android:name="com.yangfuhai.asimplecachedemo.SaveObjectActivity" /> -->
22    <!-- <activity android:name="com.yangfuhai.asimplecachedemo.SaveStringActivity" /> -->
23    <!-- <activity android:name="com.yangfuhai.asimplecachedemo.SaveMediaActivity" /> -->
24    <!-- <activity -->
25    <!-- android:name="com.yangfuhai.asimplecachedemo.SaveDrawableActivity" -->
26    <!-- android:label="@string/title_activity_save_drawable" > -->
27    <!-- </activity> -->
28    <!-- <activity -->
29    <!-- android:name="com.yangfuhai.asimplecachedemo.SaveJsonArrayActivity" -->
30    <!-- android:label="@string/title_activity_save_json_array" > -->
31    <!-- </activity> -->
32    <!-- </application> -->
33    <uses-sdk
34        android:minSdkVersion="14"
34-->src\main\AndroidManifest.xml
35        android:targetSdkVersion="25" />
35-->src\main\AndroidManifest.xml
36
37    <application
37-->src\main\AndroidManifest.xml:8:5-11:19
38        android:allowBackup="true"
38-->src\main\AndroidManifest.xml:8:18-44
39        android:label="@string/app_name"
39-->src\main\AndroidManifest.xml:8:45-77
40        android:supportsRtl="true" >
40-->src\main\AndroidManifest.xml:9:9-35
41    </application>
42
43</manifest>